Command: /home/loaf/ichome/dv/sv_lab/lab1/./simv -ucli -i dump_fsdb_vcs.tcl -l sim.log
Chronologic VCS simulator copyright 1991-2018
Contains Synopsys proprietary information.
Compiler version O-2018.09-SP2_Full64; Runtime version O-2018.09-SP2_Full64;  Jul 13 19:49 2025
ucli% global env
ucli% set fsdbname wave
wave
ucli% set tbname tb4
tb4
ucli% fsdbDumpfile "$fsdbname.fsdb"
*Verdi* Loading libsscore_vcs201809.so
FSDB Dumper for VCS, Release Verdi_O-2018.09-SP2, Linux x86_64/64bit, 02/21/2019
(C) 1996 - 2019 by Synopsys, Inc.
*Verdi* FSDB WARNING: The FSDB file already exists. Overwriting the FSDB file may crash the programs that are using this file.
*Verdi* : Create FSDB file 'wave.fsdb'
ucli% fsdbDumpvars 0 "$tbname"
*Verdi* : Begin traversing the scope (tb4), layer (0).
*Verdi* : End of traversing.
ucli% run
              170000 channel initial [chnl0_init] sent data 00000000
              190000 channel initial [chnl0_init] sent data 00000001
              210000 channel initial [chnl0_init] sent data 00000002
              230000 channel initial [chnl0_init] sent data 00000003
              250000 channel initial [chnl0_init] sent data 00000004
              270000 channel initial [chnl0_init] sent data 00000005
              290000 channel initial [chnl0_init] sent data 00000006
              310000 channel initial [chnl0_init] sent data 00000007
              330000 channel initial [chnl0_init] sent data 00000008
              350000 channel initial [chnl0_init] sent data 00000009
              370000 channel initial [chnl0_init] sent data 0000000a
              390000 channel initial [chnl0_init] sent data 0000000b
              410000 channel initial [chnl0_init] sent data 0000000c
              430000 channel initial [chnl0_init] sent data 0000000d
              450000 channel initial [chnl0_init] sent data 0000000e
              470000 channel initial [chnl0_init] sent data 0000000f
              490000 channel initial [chnl0_init] sent data 00000010
              510000 channel initial [chnl0_init] sent data 00000011
              530000 channel initial [chnl0_init] sent data 00000012
              550000 channel initial [chnl0_init] sent data 00000013
              570000 channel initial [chnl0_init] sent data 00000014
              590000 channel initial [chnl0_init] sent data 00000015
              610000 channel initial [chnl0_init] sent data 00000016
              630000 channel initial [chnl0_init] sent data 00000017
              650000 channel initial [chnl0_init] sent data 00000018
              670000 channel initial [chnl0_init] sent data 00000019
              690000 channel initial [chnl0_init] sent data 0000001a
              710000 channel initial [chnl0_init] sent data 0000001b
              730000 channel initial [chnl0_init] sent data 0000001c
              750000 channel initial [chnl0_init] sent data 0000001d
              770000 channel initial [chnl0_init] sent data 0000001e
              790000 channel initial [chnl0_init] sent data 0000001f
              810000 channel initial [chnl0_init] sent data 00000020
              830000 channel initial [chnl0_init] sent data 00000021
              850000 channel initial [chnl0_init] sent data 00000022
              870000 channel initial [chnl0_init] sent data 00000023
              890000 channel initial [chnl0_init] sent data 00000024
              910000 channel initial [chnl0_init] sent data 00000025
              930000 channel initial [chnl0_init] sent data 00000026
              950000 channel initial [chnl0_init] sent data 00000027
              970000 channel initial [chnl0_init] sent data 00000028
              990000 channel initial [chnl0_init] sent data 00000029
             1010000 channel initial [chnl0_init] sent data 0000002a
             1030000 channel initial [chnl0_init] sent data 0000002b
             1050000 channel initial [chnl0_init] sent data 0000002c
             1070000 channel initial [chnl0_init] sent data 0000002d
             1090000 channel initial [chnl0_init] sent data 0000002e
             1110000 channel initial [chnl0_init] sent data 0000002f
             1130000 channel initial [chnl0_init] sent data 00000030
             1150000 channel initial [chnl0_init] sent data 00000031
             1170000 channel initial [chnl0_init] sent data 00000032
             1190000 channel initial [chnl0_init] sent data 00000033
             1210000 channel initial [chnl0_init] sent data 00000034
             1230000 channel initial [chnl0_init] sent data 00000035
             1250000 channel initial [chnl0_init] sent data 00000036
             1270000 channel initial [chnl0_init] sent data 00000037
             1290000 channel initial [chnl0_init] sent data 00000038
             1310000 channel initial [chnl0_init] sent data 00000039
             1330000 channel initial [chnl0_init] sent data 0000003a
             1350000 channel initial [chnl0_init] sent data 0000003b
             1370000 channel initial [chnl0_init] sent data 0000003c
             1390000 channel initial [chnl0_init] sent data 0000003d
             1410000 channel initial [chnl0_init] sent data 0000003e
             1430000 channel initial [chnl0_init] sent data 0000003f
             1450000 channel initial [chnl0_init] sent data 00000040
             1470000 channel initial [chnl0_init] sent data 00000041
             1490000 channel initial [chnl0_init] sent data 00000042
             1510000 channel initial [chnl0_init] sent data 00000043
             1530000 channel initial [chnl0_init] sent data 00000044
             1550000 channel initial [chnl0_init] sent data 00000045
             1570000 channel initial [chnl0_init] sent data 00000046
             1590000 channel initial [chnl0_init] sent data 00000047
             1610000 channel initial [chnl0_init] sent data 00000048
             1630000 channel initial [chnl0_init] sent data 00000049
             1650000 channel initial [chnl0_init] sent data 0000004a
             1670000 channel initial [chnl0_init] sent data 0000004b
             1690000 channel initial [chnl0_init] sent data 0000004c
             1710000 channel initial [chnl0_init] sent data 0000004d
             1730000 channel initial [chnl0_init] sent data 0000004e
             1750000 channel initial [chnl0_init] sent data 0000004f
             1770000 channel initial [chnl0_init] sent data 00000050
             1790000 channel initial [chnl0_init] sent data 00000051
             1810000 channel initial [chnl0_init] sent data 00000052
             1830000 channel initial [chnl0_init] sent data 00000053
             1850000 channel initial [chnl0_init] sent data 00000054
             1870000 channel initial [chnl0_init] sent data 00000055
             1890000 channel initial [chnl0_init] sent data 00000056
             1910000 channel initial [chnl0_init] sent data 00000057
             1930000 channel initial [chnl0_init] sent data 00000058
             1950000 channel initial [chnl0_init] sent data 00000059
             1970000 channel initial [chnl0_init] sent data 0000005a
             1990000 channel initial [chnl0_init] sent data 0000005b
             2010000 channel initial [chnl0_init] sent data 0000005c
             2030000 channel initial [chnl0_init] sent data 0000005d
             2050000 channel initial [chnl0_init] sent data 0000005e
             2070000 channel initial [chnl0_init] sent data 0000005f
             2090000 channel initial [chnl0_init] sent data 00000060
             2110000 channel initial [chnl0_init] sent data 00000061
             2130000 channel initial [chnl0_init] sent data 00000062
             2150000 channel initial [chnl0_init] sent data 00000063
             2170000 channel initial [chnl1_init] sent data 00001000
             2190000 channel initial [chnl1_init] sent data 00001001
             2210000 channel initial [chnl1_init] sent data 00001002
             2230000 channel initial [chnl1_init] sent data 00001003
             2250000 channel initial [chnl1_init] sent data 00001004
             2270000 channel initial [chnl1_init] sent data 00001005
             2290000 channel initial [chnl1_init] sent data 00001006
             2310000 channel initial [chnl1_init] sent data 00001007
             2330000 channel initial [chnl1_init] sent data 00001008
             2350000 channel initial [chnl1_init] sent data 00001009
             2370000 channel initial [chnl1_init] sent data 0000100a
             2390000 channel initial [chnl1_init] sent data 0000100b
             2410000 channel initial [chnl1_init] sent data 0000100c
             2430000 channel initial [chnl1_init] sent data 0000100d
             2450000 channel initial [chnl1_init] sent data 0000100e
             2470000 channel initial [chnl1_init] sent data 0000100f
             2490000 channel initial [chnl1_init] sent data 00001010
             2510000 channel initial [chnl1_init] sent data 00001011
             2530000 channel initial [chnl1_init] sent data 00001012
             2550000 channel initial [chnl1_init] sent data 00001013
             2570000 channel initial [chnl1_init] sent data 00001014
             2590000 channel initial [chnl1_init] sent data 00001015
             2610000 channel initial [chnl1_init] sent data 00001016
             2630000 channel initial [chnl1_init] sent data 00001017
             2650000 channel initial [chnl1_init] sent data 00001018
             2670000 channel initial [chnl1_init] sent data 00001019
             2690000 channel initial [chnl1_init] sent data 0000101a
             2710000 channel initial [chnl1_init] sent data 0000101b
             2730000 channel initial [chnl1_init] sent data 0000101c
             2750000 channel initial [chnl1_init] sent data 0000101d
             2770000 channel initial [chnl1_init] sent data 0000101e
             2790000 channel initial [chnl1_init] sent data 0000101f
             2810000 channel initial [chnl1_init] sent data 00001020
             2830000 channel initial [chnl1_init] sent data 00001021
             2850000 channel initial [chnl1_init] sent data 00001022
             2870000 channel initial [chnl1_init] sent data 00001023
             2890000 channel initial [chnl1_init] sent data 00001024
             2910000 channel initial [chnl1_init] sent data 00001025
             2930000 channel initial [chnl1_init] sent data 00001026
             2950000 channel initial [chnl1_init] sent data 00001027
             2970000 channel initial [chnl1_init] sent data 00001028
             2990000 channel initial [chnl1_init] sent data 00001029
             3010000 channel initial [chnl1_init] sent data 0000102a
             3030000 channel initial [chnl1_init] sent data 0000102b
             3050000 channel initial [chnl1_init] sent data 0000102c
             3070000 channel initial [chnl1_init] sent data 0000102d
             3090000 channel initial [chnl1_init] sent data 0000102e
             3110000 channel initial [chnl1_init] sent data 0000102f
             3130000 channel initial [chnl1_init] sent data 00001030
             3150000 channel initial [chnl1_init] sent data 00001031
             3170000 channel initial [chnl1_init] sent data 00001032
             3190000 channel initial [chnl1_init] sent data 00001033
             3210000 channel initial [chnl1_init] sent data 00001034
             3230000 channel initial [chnl1_init] sent data 00001035
             3250000 channel initial [chnl1_init] sent data 00001036
             3270000 channel initial [chnl1_init] sent data 00001037
             3290000 channel initial [chnl1_init] sent data 00001038
             3310000 channel initial [chnl1_init] sent data 00001039
             3330000 channel initial [chnl1_init] sent data 0000103a
             3350000 channel initial [chnl1_init] sent data 0000103b
             3370000 channel initial [chnl1_init] sent data 0000103c
             3390000 channel initial [chnl1_init] sent data 0000103d
             3410000 channel initial [chnl1_init] sent data 0000103e
             3430000 channel initial [chnl1_init] sent data 0000103f
             3450000 channel initial [chnl1_init] sent data 00001040
             3470000 channel initial [chnl1_init] sent data 00001041
             3490000 channel initial [chnl1_init] sent data 00001042
             3510000 channel initial [chnl1_init] sent data 00001043
             3530000 channel initial [chnl1_init] sent data 00001044
             3550000 channel initial [chnl1_init] sent data 00001045
             3570000 channel initial [chnl1_init] sent data 00001046
             3590000 channel initial [chnl1_init] sent data 00001047
             3610000 channel initial [chnl1_init] sent data 00001048
             3630000 channel initial [chnl1_init] sent data 00001049
             3650000 channel initial [chnl1_init] sent data 0000104a
             3670000 channel initial [chnl1_init] sent data 0000104b
             3690000 channel initial [chnl1_init] sent data 0000104c
             3710000 channel initial [chnl1_init] sent data 0000104d
             3730000 channel initial [chnl1_init] sent data 0000104e
             3750000 channel initial [chnl1_init] sent data 0000104f
             3770000 channel initial [chnl1_init] sent data 00001050
             3790000 channel initial [chnl1_init] sent data 00001051
             3810000 channel initial [chnl1_init] sent data 00001052
             3830000 channel initial [chnl1_init] sent data 00001053
             3850000 channel initial [chnl1_init] sent data 00001054
             3870000 channel initial [chnl1_init] sent data 00001055
             3890000 channel initial [chnl1_init] sent data 00001056
             3910000 channel initial [chnl1_init] sent data 00001057
             3930000 channel initial [chnl1_init] sent data 00001058
             3950000 channel initial [chnl1_init] sent data 00001059
             3970000 channel initial [chnl1_init] sent data 0000105a
             3990000 channel initial [chnl1_init] sent data 0000105b
             4010000 channel initial [chnl1_init] sent data 0000105c
             4030000 channel initial [chnl1_init] sent data 0000105d
             4050000 channel initial [chnl1_init] sent data 0000105e
             4070000 channel initial [chnl1_init] sent data 0000105f
             4090000 channel initial [chnl1_init] sent data 00001060
             4110000 channel initial [chnl1_init] sent data 00001061
             4130000 channel initial [chnl1_init] sent data 00001062
             4150000 channel initial [chnl1_init] sent data 00001063
             4170000 channel initial [chnl2_init] sent data 00002000
             4190000 channel initial [chnl2_init] sent data 00002001
             4210000 channel initial [chnl2_init] sent data 00002002
             4230000 channel initial [chnl2_init] sent data 00002003
             4250000 channel initial [chnl2_init] sent data 00002004
             4270000 channel initial [chnl2_init] sent data 00002005
             4290000 channel initial [chnl2_init] sent data 00002006
             4310000 channel initial [chnl2_init] sent data 00002007
             4330000 channel initial [chnl2_init] sent data 00002008
             4350000 channel initial [chnl2_init] sent data 00002009
             4370000 channel initial [chnl2_init] sent data 0000200a
             4390000 channel initial [chnl2_init] sent data 0000200b
             4410000 channel initial [chnl2_init] sent data 0000200c
             4430000 channel initial [chnl2_init] sent data 0000200d
             4450000 channel initial [chnl2_init] sent data 0000200e
             4470000 channel initial [chnl2_init] sent data 0000200f
             4490000 channel initial [chnl2_init] sent data 00002010
             4510000 channel initial [chnl2_init] sent data 00002011
             4530000 channel initial [chnl2_init] sent data 00002012
             4550000 channel initial [chnl2_init] sent data 00002013
             4570000 channel initial [chnl2_init] sent data 00002014
             4590000 channel initial [chnl2_init] sent data 00002015
             4610000 channel initial [chnl2_init] sent data 00002016
             4630000 channel initial [chnl2_init] sent data 00002017
             4650000 channel initial [chnl2_init] sent data 00002018
             4670000 channel initial [chnl2_init] sent data 00002019
             4690000 channel initial [chnl2_init] sent data 0000201a
             4710000 channel initial [chnl2_init] sent data 0000201b
             4730000 channel initial [chnl2_init] sent data 0000201c
             4750000 channel initial [chnl2_init] sent data 0000201d
             4770000 channel initial [chnl2_init] sent data 0000201e
             4790000 channel initial [chnl2_init] sent data 0000201f
             4810000 channel initial [chnl2_init] sent data 00002020
             4830000 channel initial [chnl2_init] sent data 00002021
             4850000 channel initial [chnl2_init] sent data 00002022
             4870000 channel initial [chnl2_init] sent data 00002023
             4890000 channel initial [chnl2_init] sent data 00002024
             4910000 channel initial [chnl2_init] sent data 00002025
             4930000 channel initial [chnl2_init] sent data 00002026
             4950000 channel initial [chnl2_init] sent data 00002027
             4970000 channel initial [chnl2_init] sent data 00002028
             4990000 channel initial [chnl2_init] sent data 00002029
             5010000 channel initial [chnl2_init] sent data 0000202a
             5030000 channel initial [chnl2_init] sent data 0000202b
             5050000 channel initial [chnl2_init] sent data 0000202c
             5070000 channel initial [chnl2_init] sent data 0000202d
             5090000 channel initial [chnl2_init] sent data 0000202e
             5110000 channel initial [chnl2_init] sent data 0000202f
             5130000 channel initial [chnl2_init] sent data 00002030
             5150000 channel initial [chnl2_init] sent data 00002031
             5170000 channel initial [chnl2_init] sent data 00002032
             5190000 channel initial [chnl2_init] sent data 00002033
             5210000 channel initial [chnl2_init] sent data 00002034
             5230000 channel initial [chnl2_init] sent data 00002035
             5250000 channel initial [chnl2_init] sent data 00002036
             5270000 channel initial [chnl2_init] sent data 00002037
             5290000 channel initial [chnl2_init] sent data 00002038
             5310000 channel initial [chnl2_init] sent data 00002039
             5330000 channel initial [chnl2_init] sent data 0000203a
             5350000 channel initial [chnl2_init] sent data 0000203b
             5370000 channel initial [chnl2_init] sent data 0000203c
             5390000 channel initial [chnl2_init] sent data 0000203d
             5410000 channel initial [chnl2_init] sent data 0000203e
             5430000 channel initial [chnl2_init] sent data 0000203f
             5450000 channel initial [chnl2_init] sent data 00002040
             5470000 channel initial [chnl2_init] sent data 00002041
             5490000 channel initial [chnl2_init] sent data 00002042
             5510000 channel initial [chnl2_init] sent data 00002043
             5530000 channel initial [chnl2_init] sent data 00002044
             5550000 channel initial [chnl2_init] sent data 00002045
             5570000 channel initial [chnl2_init] sent data 00002046
             5590000 channel initial [chnl2_init] sent data 00002047
             5610000 channel initial [chnl2_init] sent data 00002048
             5630000 channel initial [chnl2_init] sent data 00002049
             5650000 channel initial [chnl2_init] sent data 0000204a
             5670000 channel initial [chnl2_init] sent data 0000204b
             5690000 channel initial [chnl2_init] sent data 0000204c
             5710000 channel initial [chnl2_init] sent data 0000204d
             5730000 channel initial [chnl2_init] sent data 0000204e
             5750000 channel initial [chnl2_init] sent data 0000204f
             5770000 channel initial [chnl2_init] sent data 00002050
             5790000 channel initial [chnl2_init] sent data 00002051
             5810000 channel initial [chnl2_init] sent data 00002052
             5830000 channel initial [chnl2_init] sent data 00002053
             5850000 channel initial [chnl2_init] sent data 00002054
             5870000 channel initial [chnl2_init] sent data 00002055
             5890000 channel initial [chnl2_init] sent data 00002056
             5910000 channel initial [chnl2_init] sent data 00002057
             5930000 channel initial [chnl2_init] sent data 00002058
             5950000 channel initial [chnl2_init] sent data 00002059
             5970000 channel initial [chnl2_init] sent data 0000205a
             5990000 channel initial [chnl2_init] sent data 0000205b
             6010000 channel initial [chnl2_init] sent data 0000205c
             6030000 channel initial [chnl2_init] sent data 0000205d
             6050000 channel initial [chnl2_init] sent data 0000205e
             6070000 channel initial [chnl2_init] sent data 0000205f
             6090000 channel initial [chnl2_init] sent data 00002060
             6110000 channel initial [chnl2_init] sent data 00002061
             6130000 channel initial [chnl2_init] sent data 00002062
             6150000 channel initial [chnl2_init] sent data 00002063
$finish called from file "./tb4.sv", line 139.
$finish at simulation time              6255000
           V C S   S i m u l a t i o n   R e p o r t 
Time: 6255000 ps
CPU Time:      0.240 seconds;       Data structure size:   0.0Mb
Sun Jul 13 19:49:12 2025
